[2025-06-19 14:27:08] ERROR: this is a test run
Exception: Index out of bounds
[2025-06-18 15:35:43] ERROR: Test message from GetErrors test
Exception: Test exception for GetErrors
[2025-06-18 15:35:37] ERROR: this is a test run
Exception: Index out of bounds
[2025-06-18 15:34:42] ERROR: this is a test run
Exception: Index out of bounds
[2025-06-18 15:34:39] ERROR: Test message from GetErrors test
Exception: Test exception for GetErrors
[2025-06-18 15:33:58] ERROR: Test message from GetErrors test
Exception: Test exception for GetErrors
[2025-06-18 15:33:22] ERROR: Test message from GetErrors test
Exception: Test exception for GetErrors
[2025-06-18 15:30:45] ERROR: this is a test run
Exception: Index out of bounds
[2025-06-18 15:28:51] ERROR: this is a test run
Exception: Index was outside the bounds of the array.
[2025-06-18 15:27:52] ERROR: this is a test run
Exception: Index was outside the bounds of the array.
